This is pdfTeX, Version 3.1415926-1.40.10 (MiKTeX 2.8) (preloaded format=pdflatex 2013.9.19)  6 OCT 2013 01:15
entering extended mode
**assignment3.tex
(Z:\WebScienceCS595\assignment3\assignment3.tex
LaTeX2e <2009/09/24>
Babel <v3.8l> and hyphenation patterns for english, dumylang, nohyphenation, ge
rman, ngerman, german-x-2009-06-19, ngerman-x-2009-06-19, french, loaded.
("C:\Program Files (x86)\MiKTeX 2.8\tex\latex\base\article.cls"
Document Class: article 2007/10/19 v1.4h Standard LaTeX document class
("C:\Program Files (x86)\MiKTeX 2.8\tex\latex\base\size12.clo"
File: size12.clo 2007/10/19 v1.4h Standard LaTeX file (size option)
)
\c@part=\count79
\c@section=\count80
\c@subsection=\count81
\c@subsubsection=\count82
\c@paragraph=\count83
\c@subparagraph=\count84
\c@figure=\count85
\c@table=\count86
\abovecaptionskip=\skip41
\belowcaptionskip=\skip42
\bibindent=\dimen102
)
("C:\Program Files (x86)\MiKTeX 2.8\tex\latex\ltxmisc\url.sty"
\Urlmuskip=\muskip10
Package: url 2006/04/12  ver 3.3  Verb mode for urls, etc.
)
("C:\Program Files (x86)\MiKTeX 2.8\tex\latex\caption\caption.sty"
Package: caption 2009/10/09 v3.1k Customizing captions (AR)

("C:\Program Files (x86)\MiKTeX 2.8\tex\latex\caption\caption3.sty"
Package: caption3 2009/10/09 v3.1k caption3 kernel (AR)

("C:\Program Files (x86)\MiKTeX 2.8\tex\latex\graphics\keyval.sty"
Package: keyval 1999/03/16 v1.13 key=value parser (DPC)
\KV@toks@=\toks14
)
\captionmargin=\dimen103
\captionmargin@=\dimen104
\captionwidth=\dimen105
\caption@indent=\dimen106
\caption@parindent=\dimen107
\caption@hangindent=\dimen108
)
\c@ContinuedFloat=\count87
)
("C:\Program Files (x86)\MiKTeX 2.8\tex\latex\caption\subcaption.sty"
Package: subcaption 2008/08/31 v1.0b Adding subcaptions (AR)
\c@subfigure=\count88
\c@subtable=\count89
)
("C:\Program Files (x86)\MiKTeX 2.8\tex\latex\graphics\graphicx.sty"
Package: graphicx 1999/02/16 v1.0f Enhanced LaTeX Graphics (DPC,SPQR)

("C:\Program Files (x86)\MiKTeX 2.8\tex\latex\graphics\graphics.sty"
Package: graphics 2009/02/05 v1.0o Standard LaTeX Graphics (DPC,SPQR)

("C:\Program Files (x86)\MiKTeX 2.8\tex\latex\graphics\trig.sty"
Package: trig 1999/03/16 v1.09 sin cos tan (DPC)
)
("C:\Program Files (x86)\MiKTeX 2.8\tex\latex\00miktex\graphics.cfg"
File: graphics.cfg 2007/01/18 v1.5 graphics configuration of teTeX/TeXLive
)
Package graphics Info: Driver file: pdftex.def on input line 91.

("C:\Program Files (x86)\MiKTeX 2.8\tex\latex\pdftex-def\pdftex.def"
File: pdftex.def 2009/08/25 v0.04m Graphics/color for pdfTeX
\Gread@gobject=\count90
))
\Gin@req@height=\dimen109
\Gin@req@width=\dimen110
)
("C:\Program Files (x86)\MiKTeX 2.8\tex\latex\wrapfig\wrapfig.sty"
\wrapoverhang=\dimen111
\WF@size=\dimen112
\c@WF@wrappedlines=\count91
\WF@box=\box26
\WF@everypar=\toks15
Package: wrapfig 2003/01/31  v 3.6
)
("C:\Program Files (x86)\MiKTeX 2.8\tex\latex\xcolor\xcolor.sty"
Package: xcolor 2007/01/21 v2.11 LaTeX color extensions (UK)

("C:\Program Files (x86)\MiKTeX 2.8\tex\latex\00miktex\color.cfg"
File: color.cfg 2007/01/18 v1.5 color configuration of teTeX/TeXLive
)
Package xcolor Info: Driver file: pdftex.def on input line 225.
Package xcolor Info: Model `cmy' substituted by `cmy0' on input line 1337.
Package xcolor Info: Model `hsb' substituted by `rgb' on input line 1341.
Package xcolor Info: Model `RGB' extended on input line 1353.
Package xcolor Info: Model `HTML' substituted by `rgb' on input line 1355.
Package xcolor Info: Model `Hsb' substituted by `hsb' on input line 1356.
Package xcolor Info: Model `tHsb' substituted by `hsb' on input line 1357.
Package xcolor Info: Model `HSB' substituted by `hsb' on input line 1358.
Package xcolor Info: Model `Gray' substituted by `gray' on input line 1359.
Package xcolor Info: Model `wave' substituted by `hsb' on input line 1360.
)
("C:\Program Files (x86)\MiKTeX 2.8\tex\generic\babel\babel.sty"
Package: babel 2008/07/06 v3.8l The Babel package

*************************************
* Local config file bblopts.cfg used
*
("C:\Program Files (x86)\MiKTeX 2.8\tex\latex\00miktex\bblopts.cfg"
File: bblopts.cfg 2006/07/31 v1.0 MiKTeX 'babel' configuration
)
("C:\Program Files (x86)\MiKTeX 2.8\tex\generic\babel\english.ldf"
Language: english 2005/03/30 v3.3o English support from the babel system

("C:\Program Files (x86)\MiKTeX 2.8\tex\generic\babel\babel.def"
File: babel.def 2008/07/06 v3.8l Babel common definitions
\babel@savecnt=\count92
\U@D=\dimen113
)
\l@canadian = a dialect from \language\l@american 
\l@australian = a dialect from \language\l@british 
\l@newzealand = a dialect from \language\l@british 
))
("C:\Program Files (x86)\MiKTeX 2.8\tex\latex\ams\math\amsmath.sty"
Package: amsmath 2000/07/18 v2.13 AMS math features
\@mathmargin=\skip43

For additional information on amsmath, use the `?' option.
("C:\Program Files (x86)\MiKTeX 2.8\tex\latex\ams\math\amstext.sty"
Package: amstext 2000/06/29 v2.01

("C:\Program Files (x86)\MiKTeX 2.8\tex\latex\ams\math\amsgen.sty"
File: amsgen.sty 1999/11/30 v2.0
\@emptytoks=\toks16
\ex@=\dimen114
))
("C:\Program Files (x86)\MiKTeX 2.8\tex\latex\ams\math\amsbsy.sty"
Package: amsbsy 1999/11/29 v1.2d
\pmbraise@=\dimen115
)
("C:\Program Files (x86)\MiKTeX 2.8\tex\latex\ams\math\amsopn.sty"
Package: amsopn 1999/12/14 v2.01 operator names
)
\inf@bad=\count93
LaTeX Info: Redefining \frac on input line 211.
\uproot@=\count94
\leftroot@=\count95
LaTeX Info: Redefining \overline on input line 307.
\classnum@=\count96
\DOTSCASE@=\count97
LaTeX Info: Redefining \ldots on input line 379.
LaTeX Info: Redefining \dots on input line 382.
LaTeX Info: Redefining \cdots on input line 467.
\Mathstrutbox@=\box27
\strutbox@=\box28
\big@size=\dimen116
LaTeX Font Info:    Redeclaring font encoding OML on input line 567.
LaTeX Font Info:    Redeclaring font encoding OMS on input line 568.
\macc@depth=\count98
\c@MaxMatrixCols=\count99
\dotsspace@=\muskip11
\c@parentequation=\count100
\dspbrk@lvl=\count101
\tag@help=\toks17
\row@=\count102
\column@=\count103
\maxfields@=\count104
\andhelp@=\toks18
\eqnshift@=\dimen117
\alignsep@=\dimen118
\tagshift@=\dimen119
\tagwidth@=\dimen120
\totwidth@=\dimen121
\lineht@=\dimen122
\@envbody=\toks19
\multlinegap=\skip44
\multlinetaggap=\skip45
\mathdisplay@stack=\toks20
LaTeX Info: Redefining \[ on input line 2666.
LaTeX Info: Redefining \] on input line 2667.
)
("C:\Program Files (x86)\MiKTeX 2.8\tex\latex\mh\mathtools.sty"
Package: mathtools 2008/08/01 v1.06 mathematical typesetting tools (MH)

("C:\Program Files (x86)\MiKTeX 2.8\tex\latex\tools\calc.sty"
Package: calc 2007/08/22 v4.3 Infix arithmetic (KKT,FJ)
\calc@Acount=\count105
\calc@Bcount=\count106
\calc@Adimen=\dimen123
\calc@Bdimen=\dimen124
\calc@Askip=\skip46
\calc@Bskip=\skip47
LaTeX Info: Redefining \setlength on input line 76.
LaTeX Info: Redefining \addtolength on input line 77.
\calc@Ccount=\count107
\calc@Cskip=\skip48
)
("C:\Program Files (x86)\MiKTeX 2.8\tex\latex\mh\mhsetup.sty"
Package: mhsetup 2007/12/03 v1.2 programming setup (MH)
)
\g_MT_multlinerow_int=\count108
\l_MT_multwidth_dim=\dimen125
)
("C:\Program Files (x86)\MiKTeX 2.8\tex\latex\base\fixltx2e.sty"
Package: fixltx2e 2006/09/13 v1.1m fixes to LaTeX
LaTeX Info: Redefining \em on input line 420.
LaTeX Info: The control sequence `\[' is already robust on input line 471.
LaTeX Info: The control sequence `\]' is already robust on input line 472.
)
("C:\Program Files (x86)\MiKTeX 2.8\tex\latex\tools\tabularx.sty"
Package: tabularx 1999/01/07 v2.07 `tabularx' package (DPC)

("C:\Program Files (x86)\MiKTeX 2.8\tex\latex\tools\array.sty"
Package: array 2008/09/09 v2.4c Tabular extension package (FMi)
\col@sep=\dimen126
\extrarowheight=\dimen127
\NC@list=\toks21
\extratabsurround=\skip49
\backup@length=\skip50
)
\TX@col@width=\dimen128
\TX@old@table=\dimen129
\TX@old@col=\dimen130
\TX@target=\dimen131
\TX@delta=\dimen132
\TX@cols=\count109
\TX@ftn=\toks22
)
(Z:\WebScienceCS595\assignment3\assignment3.aux)
LaTeX Font Info:    Checking defaults for OML/cmm/m/it on input line 18.
LaTeX Font Info:    ... okay on input line 18.
LaTeX Font Info:    Checking defaults for T1/cmr/m/n on input line 18.
LaTeX Font Info:    ... okay on input line 18.
LaTeX Font Info:    Checking defaults for OT1/cmr/m/n on input line 18.
LaTeX Font Info:    ... okay on input line 18.
LaTeX Font Info:    Checking defaults for OMS/cmsy/m/n on input line 18.
LaTeX Font Info:    ... okay on input line 18.
LaTeX Font Info:    Checking defaults for OMX/cmex/m/n on input line 18.
LaTeX Font Info:    ... okay on input line 18.
LaTeX Font Info:    Checking defaults for U/cmr/m/n on input line 18.
LaTeX Font Info:    ... okay on input line 18.
Package caption Info: Begin \AtBeginDocument code.
Package caption Info: wrapfig package is loaded.
Package caption Info: End \AtBeginDocument code.

("C:\Program Files (x86)\MiKTeX 2.8\tex\context\base\supp-pdf.tex"
[Loading MPS to PDF converter (version 2006.09.02).]
\scratchcounter=\count110
\scratchdimen=\dimen133
\scratchbox=\box29
\nofMPsegments=\count111
\nofMParguments=\count112
\everyMPshowfont=\toks23
\MPscratchCnt=\count113
\MPscratchDim=\dimen134
\MPnumerator=\count114
\everyMPtoPDFconversion=\toks24
) [1

{C:/ProgramData/MiKTeX/2.8/pdftex/config/pdftex.map}]
Underfull \hbox (badness 10000) in paragraph at lines 50--51
[]|$\OT1/cmtt/m/n/12 http : / / www . politico . com / story / 2013 / 09 /
 []


Underfull \hbox (badness 10000) in paragraph at lines 50--51
\OT1/cmtt/m/n/12 why-[]barack-[]obama-[]looks-[]so-[]exhausted-[]97191 .
 []


Overfull \hbox (1.52258pt too wide) in paragraph at lines 52--53
[]|$\OT1/cmtt/m/n/12 http : / / rt . com / usa / obama-[]clapper-[]nsa-[]panel-
[]240/$| 
 []


Underfull \hbox (badness 10000) in paragraph at lines 53--54
[]|$\OT1/cmtt/m/n/12 http : / / www . bbc . co . uk / news /
 []


Underfull \hbox (badness 10000) in paragraph at lines 54--55
[]|\OT1/cmr/m/n/12 http://www.dnaindia.com/world/1893084/report-
 []


Underfull \hbox (badness 10000) in paragraph at lines 54--55
\OT1/cmr/m/n/12 vladimir-putin-says-syria-violence-could-hit-ex-soviet-
 []


Underfull \hbox (badness 10000) in paragraph at lines 56--57
[]|$\OT1/cmtt/m/n/12 http : / / articles . washingtonpost .
 []


Underfull \hbox (badness 10000) in paragraph at lines 56--57
\OT1/cmtt/m/n/12 com / 2012-[]06-[]13 / world / 35462541 _ 1 _
 []


Underfull \hbox (badness 10000) in paragraph at lines 57--58
[]|$\OT1/cmtt/m/n/12 http : / / www . americanthinker . com / 2011 / 07 /
 []


Underfull \hbox (badness 10000) in paragraph at lines 57--58
\OT1/cmtt/m/n/12 m-[]the _ knockout _ game _ racial _ violence _ and _ the _
 []


Underfull \hbox (badness 10000) in paragraph at lines 58--59
[]|$\OT1/cmtt/m/n/12 http : / / www . buzzfeed . com / ariellecalderon /
 []


Underfull \hbox (badness 10000) in paragraph at lines 60--61
[]|\OT1/cmr/m/n/12 http://www.storyleak.com/pentagon-prepping-large-
 []


Overfull \hbox (35.08916pt too wide) in paragraph at lines 46--63
 [] 
 []

[2]
Underfull \hbox (badness 10000) in paragraph at lines 81--82
[]|$\OT1/cmtt/m/n/12 http : / / www . bbc . co . uk / news /
 []


Underfull \hbox (badness 10000) in paragraph at lines 82--83
[]|$\OT1/cmtt/m/n/12 http : / / www . politico . com / story / 2013 / 09 /
 []


Underfull \hbox (badness 10000) in paragraph at lines 82--83
\OT1/cmtt/m/n/12 why-[]barack-[]obama-[]looks-[]so-[]exhausted-[]97191 .
 []


Overfull \hbox (1.52258pt too wide) in paragraph at lines 83--84
[]|$\OT1/cmtt/m/n/12 http : / / rt . com / usa / obama-[]clapper-[]nsa-[]panel-
[]240/$| 
 []


Underfull \hbox (badness 10000) in paragraph at lines 85--86
[]|\OT1/cmr/m/n/12 http://www.dnaindia.com/world/1893084/report-
 []


Underfull \hbox (badness 10000) in paragraph at lines 85--86
\OT1/cmr/m/n/12 vladimir-putin-says-syria-violence-could-hit-ex-soviet-
 []


Underfull \hbox (badness 10000) in paragraph at lines 86--87
[]|$\OT1/cmtt/m/n/12 http : / / articles . washingtonpost .
 []


Underfull \hbox (badness 10000) in paragraph at lines 86--87
\OT1/cmtt/m/n/12 com / 2012-[]06-[]13 / world / 35462541 _ 1 _
 []


Underfull \hbox (badness 10000) in paragraph at lines 87--88
[]|$\OT1/cmtt/m/n/12 http : / / www . buzzfeed . com / ariellecalderon /
 []


Underfull \hbox (badness 10000) in paragraph at lines 88--89
[]|$\OT1/cmtt/m/n/12 http : / / www . americanthinker . com / 2011 / 07 /
 []


Underfull \hbox (badness 10000) in paragraph at lines 88--89
\OT1/cmtt/m/n/12 m-[]the _ knockout _ game _ racial _ violence _ and _ the _
 []


Underfull \hbox (badness 10000) in paragraph at lines 90--91
[]|\OT1/cmr/m/n/12 http://www.storyleak.com/pentagon-prepping-large-
 []

[3]
Underfull \hbox (badness 10000) in paragraph at lines 127--136

 []


Underfull \hbox (badness 10000) in paragraph at lines 139--144

 []


Underfull \hbox (badness 10000) in paragraph at lines 139--144

 []


Underfull \hbox (badness 10000) in paragraph at lines 139--144

 []


Underfull \hbox (badness 10000) in paragraph at lines 145--147

 []


Underfull \hbox (badness 10000) in paragraph at lines 149--151

 []

[4]
Underfull \hbox (badness 10000) in paragraph at lines 169--170
[]|$\OT1/cmtt/m/n/12 http : / / www . politico . com / story / 2013 / 09 /
 []


Underfull \hbox (badness 10000) in paragraph at lines 169--170
\OT1/cmtt/m/n/12 why-[]barack-[]obama-[]looks-[]so-[]exhausted-[]97191 .
 []


Overfull \hbox (1.52258pt too wide) in paragraph at lines 170--171
[]|$\OT1/cmtt/m/n/12 http : / / rt . com / usa / obama-[]clapper-[]nsa-[]panel-
[]240/$| 
 []


Underfull \hbox (badness 10000) in paragraph at lines 171--172
[]|$\OT1/cmtt/m/n/12 http : / / www . bbc . co . uk / news /
 []


Underfull \hbox (badness 10000) in paragraph at lines 172--173
[]|\OT1/cmr/m/n/12 http://www.dnaindia.com/world/1893084/report-
 []


Underfull \hbox (badness 10000) in paragraph at lines 172--173
\OT1/cmr/m/n/12 vladimir-putin-says-syria-violence-could-hit-ex-soviet-
 []


Underfull \hbox (badness 10000) in paragraph at lines 174--175
[]|$\OT1/cmtt/m/n/12 http : / / articles . washingtonpost .
 []


Underfull \hbox (badness 10000) in paragraph at lines 174--175
\OT1/cmtt/m/n/12 com / 2012-[]06-[]13 / world / 35462541 _ 1 _
 []


Underfull \hbox (badness 10000) in paragraph at lines 175--176
[]|$\OT1/cmtt/m/n/12 http : / / www . americanthinker . com / 2011 / 07 /
 []


Underfull \hbox (badness 10000) in paragraph at lines 175--176
\OT1/cmtt/m/n/12 m-[]the _ knockout _ game _ racial _ violence _ and _ the _
 []


Underfull \hbox (badness 10000) in paragraph at lines 176--177
[]|$\OT1/cmtt/m/n/12 http : / / www . buzzfeed . com / ariellecalderon /
 []


Underfull \hbox (badness 10000) in paragraph at lines 178--179
[]|\OT1/cmr/m/n/12 http://www.storyleak.com/pentagon-prepping-large-
 []


Overfull \hbox (45.89218pt too wide) in paragraph at lines 166--185
 [] 
 []

[5] (Z:\WebScienceCS595\assignment3\assignment3.aux) ) 
Here is how much of TeX's memory you used:
 3933 strings out of 495285
 55234 string characters out of 3179878
 122920 words of memory out of 3000000
 7111 multiletter control sequences out of 15000+200000
 8586 words of font info for 32 fonts, out of 3000000 for 9000
 14 hyphenation exceptions out of 8191
 36i,13n,38p,405b,408s stack positions out of 5000i,500n,10000p,200000b,50000s
<C:/Program Files (x86)/M
iKTeX 2.8/fonts/type1/public/amsfonts/cm/cmbx12.pfb><C:/Program Files (x86)/MiK
TeX 2.8/fonts/type1/public/amsfonts/cm/cmex10.pfb><C:/Program Files (x86)/MiKTe
X 2.8/fonts/type1/public/amsfonts/cm/cmmi12.pfb><C:/Program Files (x86)/MiKTeX 
2.8/fonts/type1/public/amsfonts/cm/cmmi8.pfb><C:/Program Files (x86)/MiKTeX 2.8
/fonts/type1/public/amsfonts/cm/cmr10.pfb><C:/Program Files (x86)/MiKTeX 2.8/fo
nts/type1/public/amsfonts/cm/cmr12.pfb><C:/Program Files (x86)/MiKTeX 2.8/fonts
/type1/public/amsfonts/cm/cmr17.pfb><C:/Program Files (x86)/MiKTeX 2.8/fonts/ty
pe1/public/amsfonts/cm/cmr7.pfb><C:/Program Files (x86)/MiKTeX 2.8/fonts/type1/
public/amsfonts/cm/cmr8.pfb><C:/Program Files (x86)/MiKTeX 2.8/fonts/type1/publ
ic/amsfonts/cm/cmsy10.pfb><C:/Program Files (x86)/MiKTeX 2.8/fonts/type1/public
/amsfonts/cm/cmtt12.pfb>
Output written on assignment3.pdf (5 pages, 125660 bytes).
PDF statistics:
 62 PDF objects out of 1000 (max. 8388607)
 0 named destinations out of 1000 (max. 500000)
 1 words of extra memory for PDF output out of 10000 (max. 10000000)

